2019-07-15 18:09:08,1563206948,4402154,58695386.7,294.5
2019-07-15 18:10:11,1563207011,4402155,58695400.0,761.9
2019-07-15 18:10:33,1563207033,4402156,58695413.3,2181.8
2019-07-15 18:10:55,1563207055,4402157,58695426.7,2181.8
2019-07-15 18:13:57,1563207237,4402158,58695440.0,263.7
2019-07-15 18:17:34,1563207454,4402159,58695453.3,221.2
2019-07-15 18:21:01,1563207661,4402160,58695466.7,231.9
2019-07-15 18:24:34,1563207874,4402161,58695480.0,225.4
2019-07-15 18:27:34,1563208054,4402162,58695493.3,266.7
2019-07-15 18:28:44,1563208124,4402163,58695506.7,685.7
2019-07-15 18:29:06,1563208146,4402164,58695520.0,2181.8
2019-07-15 18:29:28,1563208168,4402165,58695533.3,2181.8
2019-07-15 18:29:49,1563208189,4402166,58695546.7,2285.7
2019-07-15 18:30:11,1563208211,4402167,58695560.0,2181.8
2019-07-15 18:30:33,1563208233,4402168,58695573.3,2181.8
2019-07-15 18:30:55,1563208255,4402169,58695586.7,2181.8
2019-07-15 18:31:16,1563208276,4402170,58695600.0,2285.7
2019-07-15 18:31:38,1563208298,4402171,58695613.3,2181.8
2019-07-15 18:32:00,1563208320,4402172,58695626.7,2181.8
2019-07-15 18:32:21,1563208341,4402173,58695640.0,2285.7
2019-07-15 18:32:43,1563208363,4402174,58695653.3,2181.8
2019-07-15 18:33:05,1563208385,4402175,58695666.7,2181.8
2019-07-15 18:33:27,1563208407,4402176,58695680.0,2181.8
2019-07-15 18:33:49,1563208429,4402177,58695693.3,2181.8
2019-07-15 18:34:11,1563208451,4402178,58695706.7,2181.8
2019-07-15 18:34:34,1563208474,4402179,58695720.0,2087.0
2019-07-15 18:34:56,1563208496,4402180,58695733.3,2181.8
2019-07-15 18:35:19,1563208519,4402181,58695746.7,2087.0
2019-07-15 18:35:42,1563208542,4402182,58695760.0,2087.0
2019-07-15 18:36:04,1563208564,4402183,58695773.3,2181.8
2019-07-15 18:36:27,1563208587,4402184,58695786.7,2087.0
2019-07-15 18:36:50,1563208610,4402185,58695800.0,2087.0
2019-07-15 18:37:12,1563208632,4402186,58695813.3,2181.8
2019-07-15 18:37:35,1563208655,4402187,58695826.7,2087.0
2019-07-15 18:37:57,1563208677,4402188,58695840.0,2181.8
2019-07-15 18:38:20,1563208700,4402189,58695853.3,2087.0
2019-07-15 18:38:43,1563208723,4402190,58695866.7,2087.0
2019-07-15 18:39:05,1563208745,4402191,58695880.0,2181.8
2019-07-15 18:39:28,1563208768,4402192,58695893.3,2087.0
2019-07-15 18:40:26,1563208826,4402193,58695906.7,827.6
2019-07-15 18:43:57,1563209037,4402194,58695920.0,227.5
2019-07-15 18:47:30,1563209250,4402195,58695933.3,225.4
2019-07-15 18:50:51,1563209451,4402196,58695946.7,238.8
2019-07-15 18:53:39,1563209619,4402197,58695960.0,285.7
2019-07-15 18:56:30,1563209790,4402198,58695973.3,280.7
2019-07-15 18:59:51,1563209991,4402199,58695986.7,238.8
2019-07-15 19:03:46,1563210226,4402200,58696000.0,204.3
2019-07-15 19:07:00,1563210420,4402201,58696013.3,247.4
2019-07-15 19:09:43,1563210583,4402202,58696026.7,294.5
2019-07-15 19:12:25,1563210745,4402203,58696040.0,296.3
2019-07-15 19:15:09,1563210909,4402204,58696053.3,292.7
2019-07-15 19:17:30,1563211050,4402205,58696066.7,340.4
2019-07-15 19:19:34,1563211174,4402206,58696080.0,387.1
2019-07-15 19:19:59,1563211199,4402207,58696093.3,1920.0
2019-07-15 19:20:24,1563211224,4402208,58696106.7,1920.0
2019-07-15 19:21:22,1563211282,4402209,58696120.0,827.6
2019-07-15 19:23:40,1563211420,4402210,58696133.3,347.8
2019-07-15 19:26:53,1563211613,4402211,58696146.7,248.7
2019-07-15 19:28:44,1563211724,4402212,58696160.0,432.4
2019-07-15 19:31:59,1563211919,4402213,58696173.3,246.2
2019-07-15 19:35:13,1563212113,4402214,58696186.7,247.4
2019-07-15 19:38:29,1563212309,4402215,58696200.0,244.9
2019-07-15 19:39:16,1563212356,4402216,58696213.3,1021.3
2019-07-15 19:40:35,1563212435,4402217,58696226.7,607.6
2019-07-15 19:43:04,1563212584,4402218,58696240.0,322.1
2019-07-15 19:45:34,1563212734,4402219,58696253.3,320.0
2019-07-15 19:48:31,1563212911,4402220,58696266.7,271.2
2019-07-15 19:51:53,1563213113,4402221,58696280.0,237.6
2019-07-15 19:54:58,1563213298,4402222,58696293.3,259.5
2019-07-15 19:55:19,1563213319,4402223,58696306.7,2285.7
2019-07-15 19:55:40,1563213340,4402224,58696320.0,2285.7
2019-07-15 19:55:57,1563213357,4402225,58696333.3,2823.5
2019-07-15 19:56:08,1563213368,4402226,58696346.7,4363.6
2019-07-15 19:56:19,1563213379,4402227,58696360.0,4363.6
2019-07-15 19:56:30,1563213390,4402228,58696373.3,4363.6
2019-07-15 19:56:42,1563213402,4402229,58696386.7,4000.0
2019-07-15 19:56:55,1563213415,4402230,58696400.0,3692.3
2019-07-15 19:57:17,1563213437,4402231,58696413.3,2181.8
2019-07-15 20:00:26,1563213626,4402232,58696426.7,254.0
2019-07-15 20:04:38,1563213878,4402233,58696440.0,190.5
2019-07-15 20:07:45,1563214065,4402234,58696453.3,256.7
2019-07-15 20:08:55,1563214135,4402235,58696466.7,685.7
2019-07-15 20:12:01,1563214321,4402236,58696480.0,258.1
2019-07-15 20:16:18,1563214578,4402237,58696493.3,186.8
2019-07-15 20:19:30,1563214770,4402238,58696506.7,250.0
2019-07-15 20:24:31,1563215071,4402239,58696520.0,159.5
2019-07-15 20:28:45,1563215325,4402240,58696533.3,189.0
2019-07-15 20:32:05,1563215525,4402241,58696546.7,240.0
2019-07-15 20:35:36,1563215736,4402242,58696560.0,227.5
2019-07-15 20:40:37,1563216037,4402243,58696573.3,159.5
2019-07-15 20:45:37,1563216337,4402244,58696586.7,160.0
2019-07-15 20:50:36,1563216636,4402245,58696600.0,160.5
2019-07-15 20:51:54,1563216714,4402246,58696613.3,615.4
2019-07-15 20:52:15,1563216735,4402247,58696626.7,2285.7
2019-07-15 20:52:36,1563216756,4402248,58696640.0,2285.7
2019-07-15 20:55:32,1563216932,4402249,58696653.3,272.7
2019-07-15 20:57:58,1563217078,4402250,58696666.7,328.8
2019-07-15 21:00:46,1563217246,4402251,58696680.0,285.7
2019-07-15 21:04:00,1563217440,4402252,58696693.3,247.4
2019-07-15 21:07:15,1563217635,4402253,58696706.7,246.2
2019-07-15 21:10:30,1563217830,4402254,58696720.0,246.2
2019-07-15 21:13:48,1563218028,4402255,58696733.3,242.4
2019-07-15 21:16:43,1563218203,4402256,58696746.7,274.3
2019-07-15 21:19:14,1563218354,4402257,58696760.0,317.9
2019-07-15 21:21:45,1563218505,4402258,58696773.3,317.9
2019-07-15 21:24:41,1563218681,4402259,58696786.7,272.7
2019-07-15 21:28:04,1563218884,4402260,58696800.0,236.5
2019-07-15 21:31:27,1563219087,4402261,58696813.3,236.5
2019-07-15 21:34:51,1563219291,4402262,58696826.7,235.3
2019-07-15 21:38:00,1563219480,4402263,58696840.0,254.0
2019-07-15 21:40:43,1563219643,4402264,58696853.3,294.5
2019-07-15 21:43:42,1563219822,4402265,58696866.7,268.2
2019-07-15 21:47:06,1563220026,4402266,58696880.0,235.3
2019-07-15 21:51:56,1563220316,4402267,58696893.3,165.5
2019-07-15 21:56:39,1563220599,4402268,58696906.7,169.6
2019-07-15 22:01:40,1563220900,4402269,58696920.0,159.5
2019-07-15 22:03:51,1563221031,4402270,58696933.3,366.4
2019-07-15 22:04:11,1563221051,4402271,58696946.7,2400.0
2019-07-15 22:04:31,1563221071,4402272,58696960.0,2400.0
2019-07-15 22:04:51,1563221091,4402273,58696973.3,2400.0
2019-07-15 22:05:11,1563221111,4402274,58696986.7,2400.0
2019-07-15 22:07:05,1563221225,4402275,58697000.0,421.1
2019-07-15 22:10:16,1563221416,4402276,58697013.3,251.3
2019-07-15 22:14:50,1563221690,4402277,58697026.7,175.2
2019-07-15 22:19:51,1563221991,4402278,58697040.0,159.5
2019-07-15 22:24:53,1563222293,4402279,58697053.3,158.9
2019-07-15 22:29:04,1563222544,4402280,58697066.7,191.2
2019-07-15 22:32:25,1563222745,4402281,58697080.0,238.8
2019-07-15 22:36:02,1563222962,4402282,58697093.3,221.2
2019-07-15 22:41:04,1563223264,4402283,58697106.7,158.9
2019-07-15 22:46:05,1563223565,4402284,58697120.0,159.5
2019-07-15 22:51:06,1563223866,4402285,58697133.3,159.5
2019-07-15 22:54:35,1563224075,4402286,58697146.7,229.7
2019-07-15 22:57:56,1563224276,4402287,58697160.0,238.8
2019-07-15 23:01:07,1563224467,4402288,58697173.3,251.3
2019-07-15 23:04:27,1563224667,4402289,58697186.7,240.0
2019-07-15 23:07:53,1563224873,4402290,58697200.0,233.0
2019-07-15 23:11:21,1563225081,4402291,58697213.3,230.8
2019-07-15 23:14:51,1563225291,4402292,58697226.7,228.6
2019-07-15 23:17:42,1563225462,4402293,58697240.0,280.7
2019-07-15 23:20:19,1563225619,4402294,58697253.3,305.7
2019-07-15 23:22:58,1563225778,4402295,58697266.7,301.9
2019-07-15 23:26:17,1563225977,4402296,58697280.0,241.2
2019-07-15 23:29:53,1563226193,4402297,58697293.3,222.2
2019-07-15 23:33:31,1563226411,4402298,58697306.7,220.2
2019-07-15 23:37:10,1563226630,4402299,58697320.0,219.2
2019-07-15 23:40:38,1563226838,4402300,58697333.3,230.8
2019-07-15 23:43:17,1563226997,4402301,58697346.7,301.9
2019-07-15 23:45:59,1563227159,4402302,58697360.0,296.3
2019-07-15 23:50:07,1563227407,4402303,58697373.3,193.5
2019-07-15 23:55:40,1563227740,4402304,58697386.7,144.1
2019-07-16 00:01:11,1563228071,4402305,58697400.0,145.0
2019-07-16 00:05:52,1563228352,4402306,58697413.3,170.8
2019-07-16 00:09:27,1563228567,4402307,58697426.7,223.3
2019-07-16 00:13:27,1563228807,4402308,58697440.0,200.0
2019-07-16 00:18:59,1563229139,4402309,58697453.3,144.6
2019-07-16 00:24:30,1563229470,4402310,58697466.7,145.0
2019-07-16 00:29:31,1563229771,4402311,58697480.0,159.5
2019-07-16 00:33:03,1563229983,4402312,58697493.3,226.4
2019-07-16 00:36:46,1563230206,4402313,58697506.7,215.2
2019-07-16 00:38:28,1563230308,4402314,58697520.0,470.6
2019-07-16 00:38:50,1563230330,4402315,58697533.3,2181.8
2019-07-16 00:40:28,1563230428,4402316,58697546.7,489.8
2019-07-16 00:45:59,1563230759,4402317,58697560.0,145.0
2019-07-16 00:51:32,1563231092,4402318,58697573.3,144.1
2019-07-16 00:55:29,1563231329,4402319,58697586.7,202.5
2019-07-16 00:59:05,1563231545,4402320,58697600.0,222.2
2019-07-16 01:03:50,1563231830,4402321,58697613.3,168.4
2019-07-16 01:09:24,1563232164,4402322,58697626.7,143.7
2019-07-16 01:14:13,1563232453,4402323,58697640.0,166.1
2019-07-16 01:17:24,1563232644,4402324,58697653.3,251.3
2019-07-16 01:19:55,1563232795,4402325,58697666.7,317.9
2019-07-16 01:22:28,1563232948,4402326,58697680.0,313.7
2019-07-16 01:25:08,1563233108,4402327,58697693.3,300.0
2019-07-16 01:28:37,1563233317,4402328,58697706.7,229.7
2019-07-16 01:32:08,1563233528,4402329,58697720.0,227.5
2019-07-16 01:35:42,1563233742,4402330,58697733.3,224.3
2019-07-16 01:39:15,1563233955,4402331,58697746.7,225.4
2019-07-16 01:42:23,1563234143,4402332,58697760.0,255.3
2019-07-16 01:45:01,1563234301,4402333,58697773.3,303.8
2019-07-16 01:47:42,1563234462,4402334,58697786.7,298.1
2019-07-16 01:50:50,1563234650,4402335,58697800.0,255.3
2019-07-16 01:54:29,1563234869,4402336,58697813.3,219.2
2019-07-16 01:58:08,1563235088,4402337,58697826.7,219.2
2019-07-16 02:02:32,1563235352,4402338,58697840.0,181.8
2019-07-16 02:07:05,1563235625,4402339,58697853.3,175.8
2019-07-16 02:10:40,1563235840,4402340,58697866.7,223.3
2019-07-16 02:14:48,1563236088,4402341,58697880.0,193.5
2019-07-16 02:20:20,1563236420,4402342,58697893.3,144.6
2019-07-16 02:25:53,1563236753,4402343,58697906.7,144.1
2019-07-16 02:30:45,1563237045,4402344,58697920.0,164.4
2019-07-16 02:34:18,1563237258,4402345,58697933.3,225.4
2019-07-16 02:38:07,1563237487,4402346,58697946.7,209.6
2019-07-16 02:43:39,1563237819,4402347,58697960.0,144.6
2019-07-16 02:49:11,1563238151,4402348,58697973.3,144.6
2019-07-16 02:54:24,1563238464,4402349,58697986.7,153.4
2019-07-16 02:57:57,1563238677,4402350,58698000.0,225.4
2019-07-16 03:01:37,1563238897,4402351,58698013.3,218.2
2019-07-16 03:07:09,1563239229,4402352,58698026.7,144.6
2019-07-16 03:12:42,1563239562,4402353,58698040.0,144.1
2019-07-16 03:17:52,1563239872,4402354,58698053.3,154.8
2019-07-16 03:21:24,1563240084,4402355,58698066.7,226.4
2019-07-16 03:25:00,1563240300,4402356,58698080.0,222.2
2019-07-16 03:30:28,1563240628,4402357,58698093.3,146.3
2019-07-16 03:34:39,1563240879,4402358,58698106.7,191.2
2019-07-16 03:38:01,1563241081,4402359,58698120.0,237.6
2019-07-16 03:41:24,1563241284,4402360,58698133.3,236.5
2019-07-16 03:43:56,1563241436,4402361,58698146.7,315.8
2019-07-16 03:46:30,1563241590,4402362,58698160.0,311.7
2019-07-16 03:49:06,1563241746,4402363,58698173.3,307.7
2019-07-16 03:52:32,1563241952,4402364,58698186.7,233.0
2019-07-16 03:56:04,1563242164,4402365,58698200.0,226.4
2019-07-16 03:59:37,1563242377,4402366,58698213.3,225.4
2019-07-16 04:03:13,1563242593,4402367,58698226.7,222.2
2019-07-16 04:06:29,1563242789,4402368,58698240.0,244.9
2019-07-16 04:09:08,1563242948,4402369,58698253.3,301.9
2019-07-16 04:11:49,1563243109,4402370,58698266.7,298.1
2019-07-16 04:14:52,1563243292,4402371,58698280.0,262.3
2019-07-16 04:18:31,1563243511,4402372,58698293.3,219.2
2019-07-16 04:23:16,1563243796,4402373,58698306.7,168.4
2019-07-16 04:28:48,1563244128,4402374,58698320.0,144.6
2019-07-16 04:32:42,1563244362,4402375,58698333.3,205.1
2019-07-16 04:35:56,1563244556,4402376,58698346.7,247.4
2019-07-16 04:36:17,1563244577,4402377,58698360.0,2285.7
2019-07-16 04:36:38,1563244598,4402378,58698373.3,2285.7
2019-07-16 04:38:54,1563244734,4402379,58698386.7,352.9
2019-07-16 04:44:26,1563245066,4402380,58698400.0,144.6
2019-07-16 04:49:59,1563245399,4402381,58698413.3,144.1
2019-07-16 04:55:00,1563245700,4402382,58698426.7,159.5
2019-07-16 04:58:33,1563245913,4402383,58698440.0,225.4
2019-07-16 05:02:17,1563246137,4402384,58698453.3,214.3
2019-07-16 05:07:51,1563246471,4402385,58698466.7,143.7
2019-07-16 05:13:25,1563246805,4402386,58698480.0,143.7
2019-07-16 05:18:43,1563247123,4402387,58698493.3,150.9
2019-07-16 05:22:15,1563247335,4402388,58698506.7,226.4
2019-07-16 05:25:51,1563247551,4402389,58698520.0,222.2
2019-07-16 05:31:13,1563247873,4402390,58698533.3,149.1
2019-07-16 05:36:45,1563248205,4402391,58698546.7,144.6
2019-07-16 05:42:17,1563248537,4402392,58698560.0,144.6
2019-07-16 05:45:53,1563248753,4402393,58698573.3,222.2
2019-07-16 05:49:28,1563248968,4402394,58698586.7,223.3
2019-07-16 05:54:27,1563249267,4402395,58698600.0,160.5
2019-07-16 05:59:02,1563249542,4402396,58698613.3,174.5
2019-07-16 06:01:34,1563249694,4402397,58698626.7,315.8
2019-07-16 06:04:05,1563249845,4402398,58698640.0,317.9
2019-07-16 06:06:39,1563249999,4402399,58698653.3,311.7
2019-07-16 06:09:08,1563250148,4402400,58698666.7,322.1
2019-07-16 06:11:35,1563250295,4402401,58698680.0,326.5
2019-07-16 06:14:04,1563250444,4402402,58698693.3,322.1
2019-07-16 06:17:13,1563250633,4402403,58698706.7,254.0
2019-07-16 06:20:00,1563250800,4402404,58698720.0,287.4
2019-07-16 06:22:28,1563250948,4402405,58698733.3,324.3
2019-07-16 06:24:57,1563251097,4402406,58698746.7,322.1
2019-07-16 06:27:28,1563251248,4402407,58698760.0,317.9
2019-07-16 06:30:19,1563251419,4402408,58698773.3,280.7
2019-07-16 06:33:02,1563251582,4402409,58698786.7,294.5
2019-07-16 06:35:34,1563251734,4402410,58698800.0,315.8
2019-07-16 06:38:08,1563251888,4402411,58698813.3,311.7
2019-07-16 06:41:14,1563252074,4402412,58698826.7,258.1
2019-07-16 06:44:38,1563252278,4402413,58698840.0,235.3
2019-07-16 06:48:03,1563252483,4402414,58698853.3,234.1
2019-07-16 06:51:29,1563252689,4402415,58698866.7,233.0
2019-07-16 06:52:47,1563252767,4402416,58698880.0,615.4
2019-07-16 06:53:09,1563252789,4402417,58698893.3,2181.8
2019-07-16 06:53:30,1563252810,4402418,58698906.7,2285.7
2019-07-16 06:53:52,1563252832,4402419,58698920.0,2181.8
2019-07-16 06:54:14,1563252854,4402420,58698933.3,2181.8
2019-07-16 06:54:36,1563252876,4402421,58698946.7,2181.8
2019-07-16 06:54:59,1563252899,4402422,58698960.0,2087.0
2019-07-16 06:55:21,1563252921,4402423,58698973.3,2181.8
2019-07-16 06:58:38,1563253118,4402424,58698986.7,243.7
2019-07-16 07:02:01,1563253321,4402425,58699000.0,236.5
2019-07-16 07:06:18,1563253578,4402426,58699013.3,186.8
2019-07-16 07:11:21,1563253881,4402427,58699026.7,158.4
2019-07-16 07:16:24,1563254184,4402428,58699040.0,158.4
2019-07-16 07:20:54,1563254454,4402429,58699053.3,177.8
2019-07-16 07:24:16,1563254656,4402430,58699066.7,237.6
2019-07-16 07:27:34,1563254854,4402431,58699080.0,242.4
2019-07-16 07:32:16,1563255136,4402432,58699093.3,170.2
2019-07-16 07:36:58,1563255418,4402433,58699106.7,170.2
2019-07-16 07:41:42,1563255702,4402434,58699120.0,169.0
2019-07-16 07:45:40,1563255940,4402435,58699133.3,201.7
2019-07-16 07:48:52,1563256132,4402436,58699146.7,250.0
2019-07-16 07:51:57,1563256317,4402437,58699160.0,259.5
2019-07-16 07:54:53,1563256493,4402438,58699173.3,272.7
2019-07-16 07:57:47,1563256667,4402439,58699186.7,275.9
2019-07-16 08:00:55,1563256855,4402440,58699200.0,255.3
2019-07-16 08:04:04,1563257044,4402441,58699213.3,254.0
2019-07-16 08:07:15,1563257235,4402442,58699226.7,251.3
2019-07-16 08:09:56,1563257396,4402443,58699240.0,298.1
2019-07-16 08:12:23,1563257543,4402444,58699253.3,326.5
2019-07-16 08:14:50,1563257690,4402445,58699266.7,326.5
2019-07-16 08:17:36,1563257856,4402446,58699280.0,289.2
2019-07-16 08:20:47,1563258047,4402447,58699293.3,251.3
2019-07-16 08:22:17,1563258137,4402448,58699306.7,533.3
2019-07-16 08:22:39,1563258159,4402449,58699320.0,2181.8
2019-07-16 08:23:00,1563258180,4402450,58699333.3,2285.7
2019-07-16 08:23:22,1563258202,4402451,58699346.7,2181.8
2019-07-16 08:24:50,1563258290,4402452,58699360.0,545.5
2019-07-16 08:28:08,1563258488,4402453,58699373.3,242.4
2019-07-16 08:31:03,1563258663,4402454,58699386.7,274.3
2019-07-16 08:31:32,1563258692,4402455,58699400.0,1655.2
2019-07-16 08:31:50,1563258710,4402456,58699413.3,2666.7
2019-07-16 08:32:04,1563258724,4402457,58699426.7,3428.6
2019-07-16 08:32:23,1563258743,4402458,58699440.0,2526.3
2019-07-16 08:34:42,1563258882,4402459,58699453.3,345.3
2019-07-16 08:36:01,1563258961,4402460,58699466.7,607.6
2019-07-16 08:38:10,1563259090,4402461,58699480.0,372.1
2019-07-16 08:38:35,1563259115,4402462,58699493.3,1920.0
2019-07-16 08:39:01,1563259141,4402463,58699506.7,1846.2
2019-07-16 08:39:26,1563259166,4402464,58699520.0,1920.0
2019-07-16 08:39:53,1563259193,4402465,58699533.3,1777.8
2019-07-16 08:40:19,1563259219,4402466,58699546.7,1846.2
2019-07-16 08:41:09,1563259269,4402467,58699560.0,960.0
2019-07-16 08:41:59,1563259319,4402468,58699573.3,960.0
2019-07-16 08:45:09,1563259509,4402469,58699586.7,252.6
2019-07-16 08:49:38,1563259778,4402470,58699600.0,178.4
2019-07-16 08:54:08,1563260048,4402471,58699613.3,177.8
2019-07-16 08:57:47,1563260267,4402472,58699626.7,219.2
2019-07-16 08:59:34,1563260374,4402473,58699640.0,448.6
2019-07-16 08:59:56,1563260396,4402474,58699653.3,2181.8
2019-07-16 09:00:17,1563260417,4402475,58699666.7,2285.7
2019-07-16 09:00:39,1563260439,4402476,58699680.0,2181.8
2019-07-16 09:01:01,1563260461,4402477,58699693.3,2181.8
2019-07-16 09:01:46,1563260506,4402478,58699706.7,1066.7
2019-07-16 09:05:19,1563260719,4402479,58699720.0,225.4
2019-07-16 09:09:51,1563260991,4402480,58699733.3,176.5
2019-07-16 09:14:23,1563261263,4402481,58699746.7,176.5
2019-07-16 09:18:56,1563261536,4402482,58699760.0,175.8
2019-07-16 09:22:22,1563261742,4402483,58699773.3,233.0
2019-07-16 09:25:30,1563261930,4402484,58699786.7,255.3
2019-07-16 09:28:57,1563262137,4402485,58699800.0,231.9
2019-07-16 09:33:29,1563262409,4402486,58699813.3,176.5
2019-07-16 09:37:29,1563262649,4402487,58699826.7,200.0
2019-07-16 09:37:51,1563262671,4402488,58699840.0,2181.8
2019-07-16 09:38:13,1563262693,4402489,58699853.3,2181.8
2019-07-16 09:38:41,1563262721,4402490,58699866.7,1714.3
2019-07-16 09:43:26,1563263006,4402491,58699880.0,168.4
2019-07-16 09:46:54,1563263214,4402492,58699893.3,230.8
2019-07-16 09:49:29,1563263369,4402493,58699906.7,309.7
2019-07-16 09:51:51,1563263511,4402494,58699920.0,338.0
2019-07-16 09:54:51,1563263691,4402495,58699933.3,266.7
2019-07-16 09:57:58,1563263878,4402496,58699946.7,256.7
2019-07-16 10:01:08,1563264068,4402497,58699960.0,252.6
2019-07-16 10:04:20,1563264260,4402498,58699973.3,250.0
2019-07-16 10:07:33,1563264453,4402499,58699986.7,248.7
2019-07-16 10:10:14,1563264614,4402500,58700000.0,298.1
2019-07-16 10:12:42,1563264762,4402501,58700013.3,324.3
2019-07-16 10:15:13,1563264913,4402502,58700026.7,317.9
2019-07-16 10:18:07,1563265087,4402503,58700040.0,275.9
2019-07-16 10:21:28,1563265288,4402504,58700053.3,238.8
2019-07-16 10:24:49,1563265489,4402505,58700066.7,238.8
2019-07-16 10:28:12,1563265692,4402506,58700080.0,236.5
2019-07-16 10:31:43,1563265903,4402507,58700093.3,227.5
2019-07-16 10:34:01,1563266041,4402508,58700106.7,347.8
2019-07-16 10:36:06,1563266166,4402509,58700120.0,384.0
2019-07-16 10:38:53,1563266333,4402510,58700133.3,287.4
2019-07-16 10:43:23,1563266603,4402511,58700146.7,177.8
2019-07-16 10:48:53,1563266933,4402512,58700160.0,145.5
2019-07-16 10:54:23,1563267263,4402513,58700173.3,145.5
2019-07-16 10:58:54,1563267534,4402514,58700186.7,177.1
2019-07-16 11:02:28,1563267748,4402515,58700200.0,224.3
2019-07-16 11:06:36,1563267996,4402516,58700213.3,193.5
2019-07-16 11:12:07,1563268327,4402517,58700226.7,145.0
2019-07-16 11:17:39,1563268659,4402518,58700240.0,144.6
2019-07-16 11:22:33,1563268953,4402519,58700253.3,163.3
2019-07-16 11:26:07,1563269167,4402520,58700266.7,224.3
2019-07-16 11:29:58,1563269398,4402521,58700280.0,207.8
2019-07-16 11:35:31,1563269731,4402522,58700293.3,144.1
2019-07-16 11:41:05,1563270065,4402523,58700306.7,143.7
2019-07-16 11:46:19,1563270379,4402524,58700320.0,152.9
2019-07-16 11:49:53,1563270593,4402525,58700333.3,224.3
2019-07-16 11:53:32,1563270812,4402526,58700346.7,219.2
2019-07-16 11:59:07,1563271147,4402527,58700360.0,143.3
2019-07-16 12:00:58,1563271258,4402528,58700373.3,432.4
2019-07-16 12:01:21,1563271281,4402529,58700386.7,2087.0
2019-07-16 12:01:44,1563271304,4402530,58700400.0,2087.0
2019-07-16 12:02:06,1563271326,4402531,58700413.3,2181.8
2019-07-16 12:02:55,1563271375,4402532,58700426.7,979.6
2019-07-16 12:06:18,1563271578,4402533,58700440.0,236.5
2019-07-16 12:09:40,1563271780,4402534,58700453.3,237.6
2019-07-16 12:12:12,1563271932,4402535,58700466.7,315.8
2019-07-16 12:14:43,1563272083,4402536,58700480.0,317.9
2019-07-16 12:15:04,1563272104,4402537,58700493.3,2285.7
2019-07-16 12:15:25,1563272125,4402538,58700506.7,2285.7
2019-07-16 12:16:19,1563272179,4402539,58700520.0,888.9
2019-07-16 12:19:15,1563272355,4402540,58700533.3,272.7
2019-07-16 12:22:47,1563272567,4402541,58700546.7,226.4
2019-07-16 12:26:21,1563272781,4402542,58700560.0,224.3
2019-07-16 12:29:58,1563272998,4402543,58700573.3,221.2
2019-07-16 12:33:36,1563273216,4402544,58700586.7,220.2
2019-07-16 12:36:17,1563273377,4402545,58700600.0,298.1
2019-07-16 12:38:59,1563273539,4402546,58700613.3,296.3
2019-07-16 12:41:43,1563273703,4402547,58700626.7,292.7
2019-07-16 12:45:06,1563273906,4402548,58700640.0,236.5
2019-07-16 12:45:28,1563273928,4402549,58700653.3,2181.8
2019-07-16 12:45:50,1563273950,4402550,58700666.7,2181.8
2019-07-16 12:46:12,1563273972,4402551,58700680.0,2181.8
2019-07-16 12:47:17,1563274037,4402552,58700693.3,738.5
2019-07-16 12:51:00,1563274260,4402553,58700706.7,215.2
2019-07-16 12:54:43,1563274483,4402554,58700720.0,215.2
2019-07-16 12:55:29,1563274529,4402555,58700733.3,1043.5
2019-07-16 12:55:48,1563274548,4402556,58700746.7,2526.3
2019-07-16 12:56:08,1563274568,4402557,58700760.0,2400.0
2019-07-16 12:56:41,1563274601,4402558,58700773.3,1454.5
2019-07-16 12:57:47,1563274667,4402559,58700786.7,727.3
2019-07-16 12:58:35,1563274715,4402560,58700800.0,1000.0
2019-07-16 12:59:22,1563274762,4402561,58700813.3,1021.3
2019-07-16 13:00:19,1563274819,4402562,58700826.7,842.1
2019-07-16 13:01:25,1563274885,4402563,58700840.0,727.3
2019-07-16 13:02:12,1563274932,4402564,58700853.3,1021.3
2019-07-16 13:03:00,1563274980,4402565,58700866.7,1000.0
2019-07-16 13:03:26,1563275006,4402566,58700880.0,1846.2
2019-07-16 13:03:45,1563275025,4402567,58700893.3,2526.3
2019-07-16 13:04:04,1563275044,4402568,58700906.7,2526.3
2019-07-16 13:04:22,1563275062,4402569,58700920.0,2666.7
2019-07-16 13:04:44,1563275084,4402570,58700933.3,2181.8
2019-07-16 13:05:05,1563275105,4402571,58700946.7,2285.7
2019-07-16 13:05:18,1563275118,4402572,58700960.0,3692.3
2019-07-16 13:05:30,1563275130,4402573,58700973.3,4000.0
2019-07-16 13:05:41,1563275141,4402574,58700986.7,4363.6
2019-07-16 13:05:53,1563275153,4402575,58701000.0,4000.0
2019-07-16 13:06:06,1563275166,4402576,58701013.3,3692.3
2019-07-16 13:06:17,1563275177,4402577,58701026.7,4363.6
2019-07-16 13:06:28,1563275188,4402578,58701040.0,4363.6
2019-07-16 13:06:41,1563275201,4402579,58701053.3,3692.3
2019-07-16 13:06:53,1563275213,4402580,58701066.7,4000.0
2019-07-16 13:07:05,1563275225,4402581,58701080.0,4000.0
2019-07-16 13:07:18,1563275238,4402582,58701093.3,3692.3
2019-07-16 13:07:29,1563275249,4402583,58701106.7,4363.6
2019-07-16 13:07:42,1563275262,4402584,58701120.0,3692.3
2019-07-16 13:07:58,1563275278,4402585,58701133.3,3000.0
2019-07-16 13:08:21,1563275301,4402586,58701146.7,2087.0
2019-07-16 13:08:45,1563275325,4402587,58701160.0,2000.0
2019-07-16 13:09:12,1563275352,4402588,58701173.3,1777.8
2019-07-16 13:09:36,1563275376,4402589,58701186.7,2000.0
2019-07-16 13:10:03,1563275403,4402590,58701200.0,1777.8
2019-07-16 13:10:23,1563275423,4402591,58701213.3,2400.0
2019-07-16 13:10:51,1563275451,4402592,58701226.7,1714.3
2019-07-16 13:11:14,1563275474,4402593,58701240.0,2087.0
2019-07-16 13:11:38,1563275498,4402594,58701253.3,2000.0
2019-07-16 13:12:05,1563275525,4402595,58701266.7,1777.8
2019-07-16 13:12:29,1563275549,4402596,58701280.0,2000.0
2019-07-16 13:12:56,1563275576,4402597,58701293.3,1777.8
2019-07-16 13:13:20,1563275600,4402598,58701306.7,2000.0
2019-07-16 13:13:48,1563275628,4402599,58701320.0,1714.3
2019-07-16 13:14:16,1563275656,4402600,58701333.3,1714.3
2019-07-16 13:15:08,1563275708,4402601,58701346.7,923.1
2019-07-16 13:15:57,1563275757,4402602,58701360.0,979.6
2019-07-16 13:17:16,1563275836,4402603,58701373.3,607.6
2019-07-16 13:18:05,1563275885,4402604,58701386.7,979.6
2019-07-16 13:18:53,1563275933,4402605,58701400.0,1000.0
2019-07-16 13:19:32,1563275972,4402606,58701413.3,1230.8
2019-07-16 13:20:13,1563276013,4402607,58701426.7,1170.7
2019-07-16 13:20:48,1563276048,4402608,58701440.0,1371.4
2019-07-16 13:21:41,1563276101,4402609,58701453.3,905.7
2019-07-16 13:22:30,1563276150,4402610,58701466.7,979.6
2019-07-16 13:23:17,1563276197,4402611,58701480.0,1021.3
2019-07-16 13:24:03,1563276243,4402612,58701493.3,1043.5
2019-07-16 13:24:40,1563276280,4402613,58701506.7,1297.3
2019-07-16 13:25:17,1563276317,4402614,58701520.0,1297.3
2019-07-16 13:25:42,1563276342,4402615,58701533.3,1920.0
2019-07-16 13:26:12,1563276372,4402616,58701546.7,1600.0
2019-07-16 13:26:50,1563276410,4402617,58701560.0,1263.2
2019-07-16 13:27:17,1563276437,4402618,58701573.3,1777.8
2019-07-16 13:27:32,1563276452,4402619,58701586.7,3200.0
2019-07-16 13:27:42,1563276462,4402620,58701600.0,4800.0
2019-07-16 13:27:58,1563276478,4402621,58701613.3,3000.0
2019-07-16 13:28:14,1563276494,4402622,58701626.7,3000.0
2019-07-16 13:28:24,1563276504,4402623,58701640.0,4800.0
2019-07-16 13:28:39,1563276519,4402624,58701653.3,3200.0
2019-07-16 13:28:55,1563276535,4402625,58701666.7,3000.0
2019-07-16 13:29:13,1563276553,4402626,58701680.0,2666.7
2019-07-16 13:29:29,1563276569,4402627,58701693.3,3000.0
2019-07-16 13:29:45,1563276585,4402628,58701706.7,3000.0
2019-07-16 13:29:54,1563276594,4402629,58701720.0,5333.3
2019-07-16 13:30:10,1563276610,4402630,58701733.3,3000.0
2019-07-16 13:30:27,1563276627,4402631,58701746.7,2823.5
2019-07-16 13:30:37,1563276637,4402632,58701760.0,4800.0
2019-07-16 13:30:52,1563276652,4402633,58701773.3,3200.0
2019-07-16 13:31:21,1563276681,4402634,58701786.7,1655.2
2019-07-16 13:31:59,1563276719,4402635,58701800.0,1263.2
2019-07-16 13:32:33,1563276753,4402636,58701813.3,1411.8
2019-07-16 13:33:00,1563276780,4402637,58701826.7,1777.8
2019-07-16 13:34:08,1563276848,4402638,58701840.0,705.9
2019-07-16 13:34:57,1563276897,4402639,58701853.3,979.6
2019-07-16 13:35:45,1563276945,4402640,58701866.7,1000.0
2019-07-16 13:36:29,1563276989,4402641,58701880.0,1090.9
2019-07-16 13:36:55,1563277015,4402642,58701893.3,1846.2
2019-07-16 13:37:11,1563277031,4402643,58701906.7,3000.0
2019-07-16 13:37:28,1563277048,4402644,58701920.0,2823.5
2019-07-16 13:37:44,1563277064,4402645,58701933.3,3000.0
2019-07-16 13:38:00,1563277080,4402646,58701946.7,3000.0
2019-07-16 13:38:17,1563277097,4402647,58701960.0,2823.5
2019-07-16 13:38:36,1563277116,4402648,58701973.3,2526.3
2019-07-16 13:38:54,1563277134,4402649,58701986.7,2666.7
2019-07-16 13:39:14,1563277154,4402650,58702000.0,2400.0
2019-07-16 13:39:36,1563277176,4402651,58702013.3,2181.8
2019-07-16 13:40:04,1563277204,4402652,58702026.7,1714.3
2019-07-16 13:40:27,1563277227,4402653,58702040.0,2087.0
2019-07-16 13:41:13,1563277273,4402654,58702053.3,1043.5
2019-07-16 13:41:58,1563277318,4402655,58702066.7,1066.7
2019-07-16 13:42:42,1563277362,4402656,58702080.0,1090.9
2019-07-16 13:43:27,1563277407,4402657,58702093.3,1066.7
2019-07-16 13:44:08,1563277448,4402658,58702106.7,1170.7
2019-07-16 13:44:25,1563277465,4402659,58702120.0,2823.5
2019-07-16 13:44:44,1563277484,4402660,58702133.3,2526.3
2019-07-16 13:44:55,1563277495,4402661,58702146.7,4363.6
2019-07-16 13:45:14,1563277514,4402662,58702160.0,2526.3
2019-07-16 13:45:30,1563277530,4402663,58702173.3,3000.0
2019-07-16 13:45:41,1563277541,4402664,58702186.7,4363.6
2019-07-16 13:46:02,1563277562,4402665,58702200.0,2285.7
2019-07-16 13:46:17,1563277577,4402666,58702213.3,3200.0
2019-07-16 13:46:30,1563277590,4402667,58702226.7,3692.3
2019-07-16 13:46:50,1563277610,4402668,58702240.0,2400.0
2019-07-16 13:47:02,1563277622,4402669,58702253.3,4000.0
2019-07-16 13:47:41,1563277661,4402670,58702266.7,1230.8
2019-07-16 13:48:24,1563277704,4402671,58702280.0,1116.3
2019-07-16 13:49:07,1563277747,4402672,58702293.3,1116.3
2019-07-16 13:49:51,1563277791,4402673,58702306.7,1090.9
2019-07-16 13:50:34,1563277834,4402674,58702320.0,1116.3
2019-07-16 13:51:12,1563277872,4402675,58702333.3,1263.2
2019-07-16 13:51:50,1563277910,4402676,58702346.7,1263.2
2019-07-16 13:52:29,1563277949,4402677,58702360.0,1230.8
2019-07-16 13:53:09,1563277989,4402678,58702373.3,1200.0
2019-07-16 13:53:49,1563278029,4402679,58702386.7,1200.0
2019-07-16 13:54:30,1563278070,4402680,58702400.0,1170.7
2019-07-16 13:55:20,1563278120,4402681,58702413.3,960.0
2019-07-16 13:56:11,1563278171,4402682,58702426.7,941.2
2019-07-16 13:57:00,1563278220,4402683,58702440.0,979.6
2019-07-16 14:00:06,1563278406,4402684,58702453.3,258.1
2019-07-16 14:02:48,1563278568,4402685,58702466.7,296.3
2019-07-16 14:05:30,1563278730,4402686,58702480.0,296.3
2019-07-16 14:08:17,1563278897,4402687,58702493.3,287.4
2019-07-16 14:11:33,1563279093,4402688,58702506.7,244.9
2019-07-16 14:14:10,1563279250,4402689,58702520.0,305.7
2019-07-16 14:16:50,1563279410,4402690,58702533.3,300.0
2019-07-16 14:19:36,1563279576,4402691,58702546.7,289.2
2019-07-16 14:22:29,1563279749,4402692,58702560.0,277.5
2019-07-16 14:26:08,1563279968,4402693,58702573.3,219.2
2019-07-16 14:29:48,1563280188,4402694,58702586.7,218.2
2019-07-16 14:33:29,1563280409,4402695,58702600.0,217.2
2019-07-16 14:36:36,1563280596,4402696,58702613.3,256.7
2019-07-16 14:39:18,1563280758,4402697,58702626.7,296.3
2019-07-16 14:42:03,1563280923,4402698,58702640.0,290.9
2019-07-16 14:45:25,1563281125,4402699,58702653.3,237.6
2019-07-16 14:49:08,1563281348,4402700,58702666.7,215.2
2019-07-16 14:52:51,1563281571,4402701,58702680.0,215.2
2019-07-16 14:56:34,1563281794,4402702,58702693.3,215.2
2019-07-16 14:59:55,1563281995,4402703,58702706.7,238.8
2019-07-16 15:02:40,1563282160,4402704,58702720.0,290.9
2019-07-16 15:05:02,1563282302,4402705,58702733.3,338.0
2019-07-16 15:05:23,1563282323,4402706,58702746.7,2285.7
2019-07-16 15:05:45,1563282345,4402707,58702760.0,2181.8
2019-07-16 15:09:25,1563282565,4402708,58702773.3,218.2
2019-07-16 15:15:07,1563282907,4402709,58702786.7,140.4
2019-07-16 15:20:48,1563283248,4402710,58702800.0,140.8
2019-07-16 15:25:19,1563283519,4402711,58702813.3,177.1
2019-07-16 15:28:58,1563283738,4402712,58702826.7,219.2
2019-07-16 15:33:18,1563283998,4402713,58702840.0,184.6
2019-07-16 15:38:56,1563284336,4402714,58702853.3,142.0
2019-07-16 15:44:35,1563284675,4402715,58702866.7,141.6
2019-07-16 15:49:18,1563284958,4402716,58702880.0,169.6
2019-07-16 15:52:56,1563285176,4402717,58702893.3,220.2
2019-07-16 15:57:05,1563285425,4402718,58702906.7,192.8
2019-07-16 16:02:45,1563285765,4402719,58702920.0,141.2
2019-07-16 16:08:25,1563286105,4402720,58702933.3,141.2
2019-07-16 16:12:01,1563286321,4402721,58702946.7,222.2
2019-07-16 16:14:32,1563286472,4402722,58702960.0,317.9
2019-07-16 16:17:08,1563286628,4402723,58702973.3,307.7
2019-07-16 16:19:46,1563286786,4402724,58702986.7,303.8
2019-07-16 16:23:16,1563286996,4402725,58703000.0,228.6
2019-07-16 16:26:51,1563287211,4402726,58703013.3,223.3
2019-07-16 16:30:24,1563287424,4402727,58703026.7,225.4
2019-07-16 16:33:48,1563287628,4402728,58703040.0,235.3
2019-07-16 16:36:58,1563287818,4402729,58703053.3,252.6
2019-07-16 16:39:30,1563287970,4402730,58703066.7,315.8
2019-07-16 16:42:04,1563288124,4402731,58703080.0,311.7
2019-07-16 16:44:49,1563288289,4402732,58703093.3,290.9
2019-07-16 16:48:16,1563288496,4402733,58703106.7,231.9
2019-07-16 16:51:44,1563288704,4402734,58703120.0,230.8
2019-07-16 16:55:12,1563288912,4402735,58703133.3,230.8
2019-07-16 16:58:41,1563289121,4402736,58703146.7,229.7
2019-07-16 17:01:43,1563289303,4402737,58703160.0,263.7
2019-07-16 17:04:54,1563289494,4402738,58703173.3,251.3
2019-07-16 17:08:20,1563289700,4402739,58703186.7,233.0
2019-07-16 17:13:19,1563289999,4402740,58703200.0,160.5
2019-07-16 17:18:24,1563290304,4402741,58703213.3,157.4
2019-07-16 17:23:29,1563290609,4402742,58703226.7,157.4
2019-07-16 17:27:17,1563290837,4402743,58703240.0,210.5
2019-07-16 17:30:41,1563291041,4402744,58703253.3,235.3
2019-07-16 17:34:41,1563291281,4402745,58703266.7,200.0
2019-07-16 17:39:46,1563291586,4402746,58703280.0,157.4
2019-07-16 17:44:51,1563291891,4402747,58703293.3,157.4
2019-07-16 17:49:41,1563292181,4402748,58703306.7,165.5
2019-07-16 17:53:02,1563292382,4402749,58703320.0,238.8
2019-07-16 17:56:24,1563292584,4402750,58703333.3,237.6
2019-07-16 17:58:17,1563292697,4402751,58703346.7,424.8
